1594649447892	mozrunner::runner	INFO	Running command: "C:\\Program Files\\Mozilla Firefox\\firefox.exe" "-marionette" "-foreground" "-no-remote" "-profile" "C:\\Users\\david\\AppData\\Local\\Temp\\rust_mozprofilevYm35W"
JavaScript error: resource://gre/modules/XULStore.jsm, line 66: Error: Can't find profile directory.
1594649449611	Marionette	INFO	Listening on port 50810
1594649449901	Marionette	WARN	TLS certificate errors will be ignored for this session
1594649464843	Marionette	INFO	Stopped listening on port 50810

###!!! [Child][RunMessage] Error: Channel closing: too late to send/recv, messages will be lost


###!!! [Child][MessageChannel::SendAndWait] Error: Channel error: cannot send/recv

1594649718505	mozrunner::runner	INFO	Running command: "C:\\Program Files\\Mozilla Firefox\\firefox.exe" "-marionette" "-foreground" "-no-remote" "-profile" "C:\\Users\\david\\AppData\\Local\\Temp\\rust_mozprofilemxYHnv"
JavaScript error: resource://gre/modules/XULStore.jsm, line 66: Error: Can't find profile directory.
1594649720442	Marionette	INFO	Listening on port 51043
1594649720513	Marionette	WARN	TLS certificate errors will be ignored for this session
1594649734140	Marionette	INFO	Stopped listening on port 51043

###!!! [Child][RunMessage] Error: Channel closing: too late to send/recv, messages will be lost


###!!! [Child][MessageChannel::SendAndWait] Error: Channel error: cannot send/recv

1594650220365	mozrunner::runner	INFO	Running command: "C:\\Program Files\\Mozilla Firefox\\firefox.exe" "-marionette" "-headless" "-foreground" "-no-remote" "-profile" "C:\\Users\\david\\AppData\\Local\\Temp\\rust_mozprofileHvdwWU"
*** You are running in headless mode.
JavaScript error: resource://gre/modules/XULStore.jsm, line 66: Error: Can't find profile directory.
1594650221658	Marionette	INFO	Listening on port 51707
1594650221873	Marionette	WARN	TLS certificate errors will be ignored for this session
1594650234600	Marionette	INFO	Stopped listening on port 51707

###!!! [Parent][RunMessage] Error: Channel closing: too late to send/recv, messages will be lost

